<?xml version="1.0" encoding="UTF-8"?>
<testng-results ignored="0" total="1" passed="1" failed="0" skipped="0">
  <reporter-output>
  </reporter-output>
  <suite started-at="2026-02-10T12:20:37 IST" name="Command line suite" finished-at="2026-02-10T12:21:15 IST" duration-ms="38186">
    <groups>
    </groups>
    <test started-at="2026-02-10T12:20:37 IST" name="Command line test" finished-at="2026-02-10T12:21:15 IST" duration-ms="38186">
      <class name="OrderOnlineRepeatChromeTest">
        <test-method is-config="true" signature="setUp()[pri:0, instance:OrderOnlineRepeatChromeTest@74ad1f1f]" started-at="2026-02-10T12:20:37 IST" name="setUp" finished-at="2026-02-10T12:20:40 IST" duration-ms="2342" status="PASS">
          <reporter-output>
          </reporter-output>
        </test-method> <!-- setUp -->
        <test-method signature="placeSingleOrder()[pri:0, instance:OrderOnlineRepeatChromeTest@74ad1f1f]" started-at="2026-02-10T12:20:40 IST" name="placeSingleOrder" finished-at="2026-02-10T12:21:15 IST" duration-ms="35414" status="PASS">
          <reporter-output>
          </reporter-output>
        </test-method> <!-- placeSingleOrder -->
        <test-method is-config="true" signature="tearDown()[pri:0, instance:OrderOnlineRepeatChromeTest@74ad1f1f]" started-at="2026-02-10T12:21:15 IST" name="tearDown" finished-at="2026-02-10T12:21:15 IST" duration-ms="370" status="PASS">
          <reporter-output>
          </reporter-output>
        </test-method> <!-- tearDown -->
      </class> <!-- OrderOnlineRepeatChromeTest -->
    </test> <!-- Command line test -->
  </suite> <!-- Command line suite -->
</testng-results>
