<?xml version="1.0" encoding="UTF-8"?>
<testng-results ignored="0" total="1" passed="1" failed="0" skipped="0">
  <reporter-output>
  </reporter-output>
  <suite started-at="2026-02-09T16:47:58 IST" name="Command line suite" finished-at="2026-02-09T16:48:35 IST" duration-ms="36270">
    <groups>
    </groups>
    <test started-at="2026-02-09T16:47:58 IST" name="Command line test" finished-at="2026-02-09T16:48:35 IST" duration-ms="36270">
      <class name="OrderOnlineRepeatChromeTest">
        <test-method is-config="true" signature="setUp()[pri:0, instance:OrderOnlineRepeatChromeTest@74ad1f1f]" started-at="2026-02-09T16:47:58 IST" name="setUp" finished-at="2026-02-09T16:48:00 IST" duration-ms="1906" status="PASS">
          <reporter-output>
          </reporter-output>
        </test-method> <!-- setUp -->
        <test-method signature="placeSingleOrder()[pri:0, instance:OrderOnlineRepeatChromeTest@74ad1f1f]" started-at="2026-02-09T16:48:00 IST" name="placeSingleOrder" finished-at="2026-02-09T16:48:35 IST" duration-ms="34164" status="PASS">
          <reporter-output>
          </reporter-output>
        </test-method> <!-- placeSingleOrder -->
        <test-method is-config="true" signature="tearDown()[pri:0, instance:OrderOnlineRepeatChromeTest@74ad1f1f]" started-at="2026-02-09T16:48:35 IST" name="tearDown" finished-at="2026-02-09T16:48:35 IST" duration-ms="167" status="PASS">
          <reporter-output>
          </reporter-output>
        </test-method> <!-- tearDown -->
      </class> <!-- OrderOnlineRepeatChromeTest -->
    </test> <!-- Command line test -->
  </suite> <!-- Command line suite -->
</testng-results>
